build/app/intermediates/manifest_merge_blame_file/debug/manifest-merger-blame-debug-report.txt
1<?xml version="1.0" encoding="utf-8"?>
2<manifest xmlns:android="http://schemas.android.com/apk/res/android"
3    package="com.example.book_app"
4    android:versionCode="1"
5    android:versionName="1.0.0" >
6
7    <uses-sdk
8        android:minSdkVersion="19"
9        android:targetSdkVersion="33" />
10    <!--
11         The INTERNET permission is required for development. Specifically,
12         the Flutter tool needs it to communicate with the running application
13         to allow setting breakpoints, to provide hot reload, etc.
14    -->
15    <uses-permission android:name="android.permission.INTERNET" />
15-->src/main/AndroidManifest.xml:4:5-66
15-->src/main/AndroidManifest.xml:4:22-64
16    <uses-permission android:name="android.permission.CAMERA" />
16-->src/main/AndroidManifest.xml:3:5-65
16-->src/main/AndroidManifest.xml:3:22-62
17    <uses-permission android:name="android.permission.VIBRATE" /> <!-- Don't require camera, as this requires a rear camera. This allows it to work on the Nexus 7 -->
17-->[:scan] AndroidManifest.xml:12:5-66
17-->[:scan] AndroidManifest.xml:12:22-63
18    <uses-feature
18-->[com.journeyapps:zxing-android-embedded:4.3.0] AndroidManifest.xml:25:5-27:36
19        android:name="android.hardware.camera"
19-->[com.journeyapps:zxing-android-embedded:4.3.0] AndroidManifest.xml:26:9-47
20        android:required="false" />
20-->[com.journeyapps:zxing-android-embedded:4.3.0] AndroidManifest.xml:27:9-33
21    <uses-feature
21-->[com.journeyapps:zxing-android-embedded:4.3.0] AndroidManifest.xml:28:5-30:36
22        android:name="android.hardware.camera.front"
22-->[com.journeyapps:zxing-android-embedded:4.3.0] AndroidManifest.xml:29:9-53
23        android:required="false" /> <!-- TODO replace above two with next line after Android 4.2 -->
23-->[com.journeyapps:zxing-android-embedded:4.3.0] AndroidManifest.xml:30:9-33
24    <!-- <uses-feature android:name="android.hardware.camera.any"/> -->
25    <uses-feature
25-->[com.journeyapps:zxing-android-embedded:4.3.0] AndroidManifest.xml:33:5-35:36
26        android:name="android.hardware.camera.autofocus"
26-->[com.journeyapps:zxing-android-embedded:4.3.0] AndroidManifest.xml:34:9-57
27        android:required="false" />
27-->[com.journeyapps:zxing-android-embedded:4.3.0] AndroidManifest.xml:35:9-33
28    <uses-feature
28-->[com.journeyapps:zxing-android-embedded:4.3.0] AndroidManifest.xml:36:5-38:36
29        android:name="android.hardware.camera.flash"
29-->[com.journeyapps:zxing-android-embedded:4.3.0] AndroidManifest.xml:37:9-53
30        android:required="false" />
30-->[com.journeyapps:zxing-android-embedded:4.3.0] AndroidManifest.xml:38:9-33
31    <uses-feature
31-->[com.journeyapps:zxing-android-embedded:4.3.0] AndroidManifest.xml:39:5-41:36
32        android:name="android.hardware.screen.landscape"
32-->[com.journeyapps:zxing-android-embedded:4.3.0] AndroidManifest.xml:40:9-57
33        android:required="false" />
33-->[com.journeyapps:zxing-android-embedded:4.3.0] AndroidManifest.xml:41:9-33
34    <uses-feature
34-->[com.journeyapps:zxing-android-embedded:4.3.0] AndroidManifest.xml:42:5-44:36
35        android:name="android.hardware.wifi"
35-->[com.journeyapps:zxing-android-embedded:4.3.0] AndroidManifest.xml:43:9-45
36        android:required="false" />
36-->[com.journeyapps:zxing-android-embedded:4.3.0] AndroidManifest.xml:44:9-33
37
38    <application
39        android:name="android.app.Application"
40        android:appComponentFactory="androidx.core.app.CoreComponentFactory"
40-->[androidx.core:core:1.6.0] AndroidManifest.xml:24:18-86
41        android:debuggable="true"
42        android:icon="@mipmap/ic_launcher"
43        android:label="book_app" >
44        <activity
45            android:name="com.example.book_app.MainActivity"
46            android:configChanges="orientation|keyboardHidden|keyboard|screenSize|smallestScreenSize|locale|layoutDirection|fontScale|screenLayout|density|uiMode"
47            android:exported="true"
48            android:hardwareAccelerated="true"
49            android:launchMode="singleTop"
50            android:theme="@style/LaunchTheme"
51            android:windowSoftInputMode="adjustResize" >
52
53            <!--
54                 Specifies an Android theme to apply to this Activity as soon as
55                 the Android process has started. This theme is visible to the user
56                 while the Flutter UI initializes. After that, this theme continues
57                 to determine the Window background behind the Flutter UI.
58            -->
59            <meta-data
60                android:name="io.flutter.embedding.android.NormalTheme"
61                android:resource="@style/NormalTheme" />
62
63            <intent-filter>
64                <action android:name="android.intent.action.MAIN" />
65
66                <category android:name="android.intent.category.LAUNCHER" />
67            </intent-filter>
68        </activity>
69        <!--
70             Don't delete the meta-data below.
71             This is used by the Flutter tool to generate GeneratedPluginRegistrant.java
72        -->
73        <meta-data
74            android:name="flutterEmbedding"
75            android:value="2" />
76
77        <uses-library
77-->[androidx.window:window:1.0.0-beta04] AndroidManifest.xml:25:9-27:40
78            android:name="androidx.window.extensions"
78-->[androidx.window:window:1.0.0-beta04] AndroidManifest.xml:26:13-54
79            android:required="false" />
79-->[androidx.window:window:1.0.0-beta04] AndroidManifest.xml:27:13-37
80        <uses-library
80-->[androidx.window:window:1.0.0-beta04] AndroidManifest.xml:28:9-30:40
81            android:name="androidx.window.sidecar"
81-->[androidx.window:window:1.0.0-beta04] AndroidManifest.xml:29:13-51
82            android:required="false" />
82-->[androidx.window:window:1.0.0-beta04] AndroidManifest.xml:30:13-37
83
84        <activity
84-->[com.journeyapps:zxing-android-embedded:4.3.0] AndroidManifest.xml:47:9-53:63
85            android:name="com.journeyapps.barcodescanner.CaptureActivity"
85-->[com.journeyapps:zxing-android-embedded:4.3.0] AndroidManifest.xml:48:13-74
86            android:clearTaskOnLaunch="true"
86-->[com.journeyapps:zxing-android-embedded:4.3.0] AndroidManifest.xml:49:13-45
87            android:screenOrientation="sensorLandscape"
87-->[com.journeyapps:zxing-android-embedded:4.3.0] AndroidManifest.xml:50:13-56
88            android:stateNotNeeded="true"
88-->[com.journeyapps:zxing-android-embedded:4.3.0] AndroidManifest.xml:51:13-42
89            android:theme="@style/zxing_CaptureTheme"
89-->[com.journeyapps:zxing-android-embedded:4.3.0] AndroidManifest.xml:52:13-54
90            android:windowSoftInputMode="stateAlwaysHidden" />
90-->[com.journeyapps:zxing-android-embedded:4.3.0] AndroidManifest.xml:53:13-60
91
92        <meta-data
92-->[com.huawei.hms:scanplus:2.1.0.300] AndroidManifest.xml:14:9-16:40
93            android:name="huawei_module_scankit_local"
93-->[com.huawei.hms:scanplus:2.1.0.300] AndroidManifest.xml:15:13-55
94            android:value="20100300" />
94-->[com.huawei.hms:scanplus:2.1.0.300] AndroidManifest.xml:16:13-37
95        <meta-data
95-->[com.huawei.hms:scanplus:2.1.0.300] AndroidManifest.xml:17:9-19:50
96            android:name="huawei_module_scankit_sdk_version"
96-->[com.huawei.hms:scanplus:2.1.0.300] AndroidManifest.xml:18:13-61
97            android:value="scanplus:2.1.0.300" />
97-->[com.huawei.hms:scanplus:2.1.0.300] AndroidManifest.xml:19:13-47
98        <meta-data
98-->[com.huawei.hms:scanplus:2.1.0.300] AndroidManifest.xml:20:9-22:50
99            android:name="com.huawei.hms.client.service.name:scanplus"
99-->[com.huawei.hms:scanplus:2.1.0.300] AndroidManifest.xml:21:13-71
100            android:value="scanplus:2.1.0.300" />
100-->[com.huawei.hms:scanplus:2.1.0.300] AndroidManifest.xml:22:13-47
101        <meta-data
101-->[com.huawei.hms:scanplus:2.1.0.300] AndroidManifest.xml:23:9-25:33
102            android:name="com.huawei.hms.min_api_level:scanplus:huawei_module_scankit"
102-->[com.huawei.hms:scanplus:2.1.0.300] AndroidManifest.xml:24:13-87
103            android:value="1" />
103-->[com.huawei.hms:scanplus:2.1.0.300] AndroidManifest.xml:25:13-30
104        <meta-data
104-->[com.huawei.hms:scanplus:2.1.0.300] AndroidManifest.xml:26:9-28:33
105            android:name="com.huawei.hms.min_api_level:scanplus:hmscore"
105-->[com.huawei.hms:scanplus:2.1.0.300] AndroidManifest.xml:27:13-73
106            android:value="1" />
106-->[com.huawei.hms:scanplus:2.1.0.300] AndroidManifest.xml:28:13-30
107
108        <activity android:name="com.huawei.hms.hmsscankit.ScanKitActivity" />
108-->[com.huawei.hms:scanplus:2.1.0.300] AndroidManifest.xml:30:9-78
108-->[com.huawei.hms:scanplus:2.1.0.300] AndroidManifest.xml:30:19-75
109
110        <uses-library
110-->[com.huawei.android.hms:security-ssl:1.1.5.301] AndroidManifest.xml:10:9-12:40
111            android:name="org.apache.http.legacy"
111-->[com.huawei.android.hms:security-ssl:1.1.5.301] AndroidManifest.xml:11:13-50
112            android:required="false" />
112-->[com.huawei.android.hms:security-ssl:1.1.5.301] AndroidManifest.xml:12:13-37
113
114        <meta-data
114-->[com.huawei.hms:dynamic-api:1.0.13.303] AndroidManifest.xml:12:9-14:54
115            android:name="com.huawei.hms.client.service.name:dynamic-api"
115-->[com.huawei.hms:dynamic-api:1.0.13.303] AndroidManifest.xml:13:13-74
116            android:value="dynamic-api:1.0.13.303" />
116-->[com.huawei.hms:dynamic-api:1.0.13.303] AndroidManifest.xml:14:13-51
117        <meta-data
117-->[com.huawei.hms:dynamic-api:1.0.13.303] AndroidManifest.xml:15:9-17:33
118            android:name="com.huawei.hms.min_api_level:dynamic-api:huawei_module_dynamicloader"
118-->[com.huawei.hms:dynamic-api:1.0.13.303] AndroidManifest.xml:16:13-96
119            android:value="2" />
119-->[com.huawei.hms:dynamic-api:1.0.13.303] AndroidManifest.xml:17:13-30
120
121        <provider
121-->[com.huawei.hms:ml-computer-sdkbase-inner:2.0.5.304] AndroidManifest.xml:13:9-16:40
122            android:name="com.huawei.hms.mlsdk.common.provider.MLInitializerProvider"
122-->[com.huawei.hms:ml-computer-sdkbase-inner:2.0.5.304] AndroidManifest.xml:14:13-86
123            android:authorities="com.example.book_app.MLInitializerProvider"
123-->[com.huawei.hms:ml-computer-sdkbase-inner:2.0.5.304] AndroidManifest.xml:15:13-73
124            android:exported="false" />
124-->[com.huawei.hms:ml-computer-sdkbase-inner:2.0.5.304] AndroidManifest.xml:16:13-37
125        <provider
125-->[com.huawei.agconnect:agconnect-core:1.4.0.300] AndroidManifest.xml:11:9-14:40
126            android:name="com.huawei.agconnect.core.provider.AGConnectInitializeProvider"
126-->[com.huawei.agconnect:agconnect-core:1.4.0.300] AndroidManifest.xml:12:13-90
127            android:authorities="com.example.book_app.AGCInitializeProvider"
127-->[com.huawei.agconnect:agconnect-core:1.4.0.300] AndroidManifest.xml:13:13-73
128            android:exported="false" />
128-->[com.huawei.agconnect:agconnect-core:1.4.0.300] AndroidManifest.xml:14:13-37
129
130        <service
130-->[com.huawei.agconnect:agconnect-core:1.4.0.300] AndroidManifest.xml:16:9-18:40
131            android:name="com.huawei.agconnect.core.ServiceDiscovery"
131-->[com.huawei.agconnect:agconnect-core:1.4.0.300] AndroidManifest.xml:17:13-70
132            android:exported="false" />
132-->[com.huawei.agconnect:agconnect-core:1.4.0.300] AndroidManifest.xml:18:13-37
133    </application>
134
135</manifest>